{"C:\\projects\\multiple-dispatch\\src\\index.js":{"path":"C:\\projects\\multiple-dispatch\\src\\index.js","s":{"1":1,"2":1,"3":1,"4":1,"5":1,"6":10,"7":10,"8":10,"9":10,"10":48,"11":10,"12":0,"13":0,"14":10,"15":1,"16":1},"b":{"1":[10,5]},"f":{"1":10},"fnMap":{"1":{"name":"create","line":6,"loc":{"start":{"line":6,"column":0},"end":{"line":6,"column":25}}}},"statementMap":{"1":{"start":{"line":2,"column":0},"end":{"line":2,"column":34}},"2":{"start":{"line":3,"column":0},"end":{"line":3,"column":24}},"3":{"start":{"line":4,"column":0},"end":{"line":4,"column":35}},"4":{"start":{"line":5,"column":0},"end":{"line":5,"column":41}},"5":{"start":{"line":6,"column":0},"end":{"line":26,"column":1}},"6":{"start":{"line":10,"column":4},"end":{"line":10,"column":43}},"7":{"start":{"line":11,"column":4},"end":{"line":11,"column":27}},"8":{"start":{"line":12,"column":4},"end":{"line":12,"column":30}},"9":{"start":{"line":13,"column":4},"end":{"line":15,"column":6}},"10":{"start":{"line":14,"column":8},"end":{"line":14,"column":72}},"11":{"start":{"line":17,"column":4},"end":{"line":20,"column":6}},"12":{"start":{"line":18,"column":8},"end":{"line":18,"column":67}},"13":{"start":{"line":19,"column":8},"end":{"line":19,"column":21}},"14":{"start":{"line":21,"column":4},"end":{"line":25,"column":6}},"15":{"start":{"line":27,"column":0},"end":{"line":27,"column":62}},"16":{"start":{"line":28,"column":0},"end":{"line":28,"column":25}}},"branchMap":{"1":{"line":10,"type":"binary-expr","locations":[{"start":{"line":10,"column":20},"end":{"line":10,"column":33}},{"start":{"line":10,"column":37},"end":{"line":10,"column":42}}]}}},"C:\\projects\\multiple-dispatch\\src\\error.js":{"path":"C:\\projects\\multiple-dispatch\\src\\error.js","s":{"1":1,"2":1,"3":1,"4":1},"b":{},"f":{},"fnMap":{},"statementMap":{"1":{"start":{"line":4,"column":0},"end":{"line":4,"column":40}},"2":{"start":{"line":7,"column":0},"end":{"line":7,"column":36}},"3":{"start":{"line":10,"column":0},"end":{"line":10,"column":42}},"4":{"start":{"line":13,"column":0},"end":{"line":13,"column":44}}},"branchMap":{}},"C:\\projects\\multiple-dispatch\\src\\match.js":{"path":"C:\\projects\\multiple-dispatch\\src\\match.js","s":{"1":1,"2":1,"3":50,"4":50,"5":4,"6":2,"7":2,"8":46,"9":46,"10":126,"11":126,"12":126,"13":252,"14":252,"15":252,"16":252,"17":96,"18":126,"19":46,"20":126,"21":46,"22":126,"23":46,"24":2,"25":1,"26":1,"27":44,"28":32,"29":1,"30":31,"31":12,"32":2,"33":1,"34":1,"35":10,"36":1,"37":1},"b":{"1":[32,18],"2":[4,46],"3":[2,2],"4":[252,252],"5":[96,156],"6":[2,44],"7":[1,1],"8":[32,12],"9":[1,31],"10":[2,10],"11":[1,1]},"f":{"1":50},"fnMap":{"1":{"name":"findMatch","line":3,"loc":{"start":{"line":3,"column":0},"end":{"line":3,"column":63}}}},"statementMap":{"1":{"start":{"line":2,"column":0},"end":{"line":2,"column":34}},"2":{"start":{"line":3,"column":0},"end":{"line":47,"column":1}},"3":{"start":{"line":4,"column":4},"end":{"line":4,"column":82}},"4":{"start":{"line":5,"column":4},"end":{"line":11,"column":5}},"5":{"start":{"line":7,"column":8},"end":{"line":9,"column":9}},"6":{"start":{"line":8,"column":12},"end":{"line":8,"column":91}},"7":{"start":{"line":10,"column":8},"end":{"line":10,"column":20}},"8":{"start":{"line":12,"column":4},"end":{"line":12,"column":23}},"9":{"start":{"line":13,"column":4},"end":{"line":24,"column":5}},"10":{"start":{"line":14,"column":8},"end":{"line":14,"column":24}},"11":{"start":{"line":15,"column":8},"end":{"line":15,"column":26}},"12":{"start":{"line":16,"column":8},"end":{"line":22,"column":9}},"13":{"start":{"line":17,"column":12},"end":{"line":17,"column":101}},"14":{"start":{"line":17,"column":80},"end":{"line":17,"column":99}},"15":{"start":{"line":18,"column":12},"end":{"line":18,"column":63}},"16":{"start":{"line":19,"column":12},"end":{"line":21,"column":13}},"17":{"start":{"line":20,"column":16},"end":{"line":20,"column":26}},"18":{"start":{"line":23,"column":8},"end":{"line":23,"column":46}},"19":{"start":{"line":25,"column":4},"end":{"line":25,"column":67}},"20":{"start":{"line":25,"column":50},"end":{"line":25,"column":64}},"21":{"start":{"line":26,"column":4},"end":{"line":26,"column":72}},"22":{"start":{"line":26,"column":48},"end":{"line":26,"column":70}},"23":{"start":{"line":27,"column":4},"end":{"line":32,"column":5}},"24":{"start":{"line":28,"column":8},"end":{"line":30,"column":9}},"25":{"start":{"line":29,"column":12},"end":{"line":29,"column":92}},"26":{"start":{"line":31,"column":8},"end":{"line":31,"column":20}},"27":{"start":{"line":33,"column":4},"end":{"line":38,"column":5}},"28":{"start":{"line":34,"column":8},"end":{"line":36,"column":9}},"29":{"start":{"line":35,"column":12},"end":{"line":35,"column":94}},"30":{"start":{"line":37,"column":8},"end":{"line":37,"column":20}},"31":{"start":{"line":39,"column":4},"end":{"line":45,"column":5}},"32":{"start":{"line":41,"column":8},"end":{"line":43,"column":9}},"33":{"start":{"line":42,"column":12},"end":{"line":42,"column":103}},"34":{"start":{"line":44,"column":8},"end":{"line":44,"column":20}},"35":{"start":{"line":46,"column":4},"end":{"line":46,"column":54}},"36":{"start":{"line":48,"column":0},"end":{"line":48,"column":62}},"37":{"start":{"line":49,"column":0},"end":{"line":49,"column":28}}},"branchMap":{"1":{"line":4,"type":"cond-expr","locations":[{"start":{"line":4,"column":52},"end":{"line":4,"column":65}},{"start":{"line":4,"column":68},"end":{"line":4,"column":81}}]},"2":{"line":5,"type":"if","locations":[{"start":{"line":5,"column":4},"end":{"line":5,"column":4}},{"start":{"line":5,"column":4},"end":{"line":5,"column":4}}]},"3":{"line":7,"type":"if","locations":[{"start":{"line":7,"column":8},"end":{"line":7,"column":8}},{"start":{"line":7,"column":8},"end":{"line":7,"column":8}}]},"4":{"line":17,"type":"binary-expr","locations":[{"start":{"line":17,"column":24},"end":{"line":17,"column":53}},{"start":{"line":17,"column":58},"end":{"line":17,"column":99}}]},"5":{"line":19,"type":"if","locations":[{"start":{"line":19,"column":12},"end":{"line":19,"column":12}},{"start":{"line":19,"column":12},"end":{"line":19,"column":12}}]},"6":{"line":27,"type":"if","locations":[{"start":{"line":27,"column":4},"end":{"line":27,"column":4}},{"start":{"line":27,"column":4},"end":{"line":27,"column":4}}]},"7":{"line":28,"type":"if","locations":[{"start":{"line":28,"column":8},"end":{"line":28,"column":8}},{"start":{"line":28,"column":8},"end":{"line":28,"column":8}}]},"8":{"line":33,"type":"if","locations":[{"start":{"line":33,"column":4},"end":{"line":33,"column":4}},{"start":{"line":33,"column":4},"end":{"line":33,"column":4}}]},"9":{"line":34,"type":"if","locations":[{"start":{"line":34,"column":8},"end":{"line":34,"column":8}},{"start":{"line":34,"column":8},"end":{"line":34,"column":8}}]},"10":{"line":39,"type":"if","locations":[{"start":{"line":39,"column":4},"end":{"line":39,"column":4}},{"start":{"line":39,"column":4},"end":{"line":39,"column":4}}]},"11":{"line":41,"type":"if","locations":[{"start":{"line":41,"column":8},"end":{"line":41,"column":8}},{"start":{"line":41,"column":8},"end":{"line":41,"column":8}}]}}},"C:\\projects\\multiple-dispatch\\src\\override.js":{"path":"C:\\projects\\multiple-dispatch\\src\\override.js","s":{"1":1,"2":1,"3":1,"4":48,"5":4,"6":2,"7":2,"8":44,"9":2,"10":1,"11":1,"12":42,"13":10,"14":10,"15":32,"16":32,"17":2,"18":1,"19":1,"20":30,"21":30,"22":1,"23":1},"b":{"1":[4,44],"2":[2,2],"3":[2,42],"4":[1,1],"5":[10,32],"6":[2,30],"7":[1,1]},"f":{"1":48},"fnMap":{"1":{"name":"addOverride","line":4,"loc":{"start":{"line":4,"column":0},"end":{"line":4,"column":59}}}},"statementMap":{"1":{"start":{"line":2,"column":0},"end":{"line":2,"column":35}},"2":{"start":{"line":3,"column":0},"end":{"line":3,"column":34}},"3":{"start":{"line":4,"column":0},"end":{"line":30,"column":1}},"4":{"start":{"line":5,"column":4},"end":{"line":10,"column":5}},"5":{"start":{"line":6,"column":8},"end":{"line":8,"column":9}},"6":{"start":{"line":7,"column":12},"end":{"line":7,"column":147}},"7":{"start":{"line":9,"column":8},"end":{"line":9,"column":21}},"8":{"start":{"line":11,"column":4},"end":{"line":16,"column":5}},"9":{"start":{"line":12,"column":8},"end":{"line":14,"column":9}},"10":{"start":{"line":13,"column":12},"end":{"line":13,"column":92}},"11":{"start":{"line":15,"column":8},"end":{"line":15,"column":21}},"12":{"start":{"line":17,"column":4},"end":{"line":20,"column":5}},"13":{"start":{"line":18,"column":8},"end":{"line":18,"column":45}},"14":{"start":{"line":19,"column":8},"end":{"line":19,"column":20}},"15":{"start":{"line":21,"column":4},"end":{"line":21,"column":78}},"16":{"start":{"line":22,"column":4},"end":{"line":27,"column":5}},"17":{"start":{"line":23,"column":8},"end":{"line":25,"column":9}},"18":{"start":{"line":24,"column":12},"end":{"line":24,"column":117}},"19":{"start":{"line":26,"column":8},"end":{"line":26,"column":21}},"20":{"start":{"line":28,"column":4},"end":{"line":28,"column":41}},"21":{"start":{"line":29,"column":4},"end":{"line":29,"column":16}},"22":{"start":{"line":31,"column":0},"end":{"line":31,"column":62}},"23":{"start":{"line":32,"column":0},"end":{"line":32,"column":30}}},"branchMap":{"1":{"line":5,"type":"if","locations":[{"start":{"line":5,"column":4},"end":{"line":5,"column":4}},{"start":{"line":5,"column":4},"end":{"line":5,"column":4}}]},"2":{"line":6,"type":"if","locations":[{"start":{"line":6,"column":8},"end":{"line":6,"column":8}},{"start":{"line":6,"column":8},"end":{"line":6,"column":8}}]},"3":{"line":11,"type":"if","locations":[{"start":{"line":11,"column":4},"end":{"line":11,"column":4}},{"start":{"line":11,"column":4},"end":{"line":11,"column":4}}]},"4":{"line":12,"type":"if","locations":[{"start":{"line":12,"column":8},"end":{"line":12,"column":8}},{"start":{"line":12,"column":8},"end":{"line":12,"column":8}}]},"5":{"line":17,"type":"if","locations":[{"start":{"line":17,"column":4},"end":{"line":17,"column":4}},{"start":{"line":17,"column":4},"end":{"line":17,"column":4}}]},"6":{"line":22,"type":"if","locations":[{"start":{"line":22,"column":4},"end":{"line":22,"column":4}},{"start":{"line":22,"column":4},"end":{"line":22,"column":4}}]},"7":{"line":23,"type":"if","locations":[{"start":{"line":23,"column":8},"end":{"line":23,"column":8}},{"start":{"line":23,"column":8},"end":{"line":23,"column":8}}]}}}}